[debug] [2025-01-25T20:53:03.294Z] ----------------------------------------------------------------------
[debug] [2025-01-25T20:53:03.297Z] Command:       /usr/local/bin/node /usr/local/bin/firebase emulators:start
[debug] [2025-01-25T20:53:03.298Z] CLI Version:   13.29.2
[debug] [2025-01-25T20:53:03.298Z] Platform:      darwin
[debug] [2025-01-25T20:53:03.298Z] Node Version:  v20.11.0
[debug] [2025-01-25T20:53:03.298Z] Time:          Sat Jan 25 2025 22:53:03 GMT+0200 (Eastern European Standard Time)
[debug] [2025-01-25T20:53:03.298Z] ----------------------------------------------------------------------
[debug] 
[debug] [2025-01-25T20:53:03.467Z] > command requires scopes: ["email","openid","https://www.googleapis.com/auth/cloudplatformprojects.readonly","https://www.googleapis.com/auth/firebase","https://www.googleapis.com/auth/cloud-platform"]
[debug] [2025-01-25T20:53:03.467Z] > authorizing via signed-in user (nmrhard@gmail.com)
[debug] [2025-01-25T20:53:03.620Z] java version "22" 2024-03-19

[debug] [2025-01-25T20:53:03.621Z] Java(TM) SE Runtime Environment (build 22+36-2370)
Java HotSpot(TM) 64-Bit Server VM (build 22+36-2370, mixed mode, sharing)

[debug] [2025-01-25T20:53:03.626Z] Parsed Java major version: 22
[info] i  emulators: Starting emulators: auth, storage {"metadata":{"emulator":{"name":"hub"},"message":"Starting emulators: auth, storage"}}
[debug] [2025-01-25T20:53:04.506Z] [logging] Logging Emulator only supports listening on one address (127.0.0.1). Not listening on ::1
[debug] [2025-01-25T20:53:04.506Z] [auth] Authentication Emulator only supports listening on one address (127.0.0.1). Not listening on ::1
[debug] [2025-01-25T20:53:04.506Z] [storage] Storage Emulator only supports listening on one address (127.0.0.1). Not listening on ::1
[debug] [2025-01-25T20:53:04.506Z] assigned listening specs for emulators {"user":{"hub":[{"address":"127.0.0.1","family":"IPv4","port":4400},{"address":"::1","family":"IPv6","port":4400}],"ui":[{"address":"127.0.0.1","family":"IPv4","port":4001},{"address":"::1","family":"IPv6","port":4001}],"logging":[{"address":"127.0.0.1","family":"IPv4","port":4500}],"auth":[{"address":"127.0.0.1","family":"IPv4","port":9098}],"storage":[{"address":"127.0.0.1","family":"IPv4","port":3005}]},"metadata":{"message":"assigned listening specs for emulators"}}
[debug] [2025-01-25T20:53:04.509Z] [hub] writing locator at /var/folders/t2/68w752dx4234ysjgbwljprx00000gn/T/hub-svitlobotui.json
[debug] [2025-01-25T20:53:10.435Z] Ignoring unsupported arg: port {"metadata":{"emulator":{"name":"storage"},"message":"Ignoring unsupported arg: port"}}
[debug] [2025-01-25T20:53:11.579Z] Temp file directory for storage emulator: /var/folders/t2/68w752dx4234ysjgbwljprx00000gn/T/firebase/storage/blobs {"metadata":{"emulator":{"name":"storage"},"message":"Temp file directory for storage emulator: /var/folders/t2/68w752dx4234ysjgbwljprx00000gn/T/firebase/storage/blobs"}}
[info] i  ui: downloading ui-v1.14.0.zip... {"metadata":{"emulator":{"name":"ui"},"message":"downloading ui-v1.14.0.zip..."}}
[debug] [2025-01-25T20:53:11.587Z] >>> [apiv2][query] GET https://storage.googleapis.com/firebase-preview-drop/emulator/ui-v1.14.0.zip 
[debug] [2025-01-25T20:53:11.850Z] <<< [apiv2][status] GET https://storage.googleapis.com/firebase-preview-drop/emulator/ui-v1.14.0.zip 200
[debug] [2025-01-25T20:53:11.850Z] <<< [apiv2][body] GET https://storage.googleapis.com/firebase-preview-drop/emulator/ui-v1.14.0.zip [stream]
[debug] [2025-01-25T20:53:12.395Z] Data is 3615311
[debug] [2025-01-25T20:53:12.396Z] [unzip] Entry: client/ (compressed_size=0 bytes, uncompressed_size=0 bytes)
[debug] [2025-01-25T20:53:12.396Z] [unzip] Processing entry: client/
[debug] [2025-01-25T20:53:12.396Z] [unzip] mkdir: /Users/romanlytvynov/.cache/firebase/emulators/ui-v1.14.0/client/
[debug] [2025-01-25T20:53:12.396Z] [unzip] Entry: client/favicon-16x16.png (compressed_size=293 bytes, uncompressed_size=293 bytes)
[debug] [2025-01-25T20:53:12.396Z] [unzip] Processing entry: client/favicon-16x16.png
[debug] [2025-01-25T20:53:12.396Z] [unzip] else mkdir: /Users/romanlytvynov/.cache/firebase/emulators/ui-v1.14.0/client
[debug] [2025-01-25T20:53:12.397Z] [unzip] Writing file: /Users/romanlytvynov/.cache/firebase/emulators/ui-v1.14.0/client/favicon-16x16.png
[debug] [2025-01-25T20:53:12.397Z] [unzip] Entry: client/safari-pinned-tab.svg (compressed_size=1433 bytes, uncompressed_size=2611 bytes)
[debug] [2025-01-25T20:53:12.397Z] [unzip] Processing entry: client/safari-pinned-tab.svg
[debug] [2025-01-25T20:53:12.397Z] [unzip] else mkdir: /Users/romanlytvynov/.cache/firebase/emulators/ui-v1.14.0/client
[debug] [2025-01-25T20:53:12.398Z] [unzip] deflating: /Users/romanlytvynov/.cache/firebase/emulators/ui-v1.14.0/client/safari-pinned-tab.svg
[debug] [2025-01-25T20:53:12.402Z] [unzip] Entry: client/favicon.ico (compressed_size=2933 bytes, uncompressed_size=13294 bytes)
[debug] [2025-01-25T20:53:12.402Z] [unzip] Processing entry: client/favicon.ico
[debug] [2025-01-25T20:53:12.402Z] [unzip] else mkdir: /Users/romanlytvynov/.cache/firebase/emulators/ui-v1.14.0/client
[debug] [2025-01-25T20:53:12.402Z] [unzip] deflating: /Users/romanlytvynov/.cache/firebase/emulators/ui-v1.14.0/client/favicon.ico
[debug] [2025-01-25T20:53:12.403Z] [unzip] Entry: client/index.html (compressed_size=1363 bytes, uncompressed_size=3071 bytes)
[debug] [2025-01-25T20:53:12.403Z] [unzip] Processing entry: client/index.html
[debug] [2025-01-25T20:53:12.403Z] [unzip] else mkdir: /Users/romanlytvynov/.cache/firebase/emulators/ui-v1.14.0/client
[debug] [2025-01-25T20:53:12.404Z] [unzip] deflating: /Users/romanlytvynov/.cache/firebase/emulators/ui-v1.14.0/client/index.html
[debug] [2025-01-25T20:53:12.404Z] [unzip] Entry: client/android-chrome-192x192.png (compressed_size=2684 bytes, uncompressed_size=2684 bytes)
[debug] [2025-01-25T20:53:12.404Z] [unzip] Processing entry: client/android-chrome-192x192.png
[debug] [2025-01-25T20:53:12.404Z] [unzip] else mkdir: /Users/romanlytvynov/.cache/firebase/emulators/ui-v1.14.0/client
[debug] [2025-01-25T20:53:12.405Z] [unzip] Writing file: /Users/romanlytvynov/.cache/firebase/emulators/ui-v1.14.0/client/android-chrome-192x192.png
[debug] [2025-01-25T20:53:12.405Z] [unzip] Entry: client/apple-touch-icon.png (compressed_size=2123 bytes, uncompressed_size=2152 bytes)
[debug] [2025-01-25T20:53:12.405Z] [unzip] Processing entry: client/apple-touch-icon.png
[debug] [2025-01-25T20:53:12.405Z] [unzip] else mkdir: /Users/romanlytvynov/.cache/firebase/emulators/ui-v1.14.0/client
[debug] [2025-01-25T20:53:12.405Z] [unzip] deflating: /Users/romanlytvynov/.cache/firebase/emulators/ui-v1.14.0/client/apple-touch-icon.png
[debug] [2025-01-25T20:53:12.406Z] [unzip] Entry: client/android-chrome-512x512.png (compressed_size=5369 bytes, uncompressed_size=5411 bytes)
[debug] [2025-01-25T20:53:12.407Z] [unzip] Processing entry: client/android-chrome-512x512.png
[debug] [2025-01-25T20:53:12.407Z] [unzip] else mkdir: /Users/romanlytvynov/.cache/firebase/emulators/ui-v1.14.0/client
[debug] [2025-01-25T20:53:12.407Z] [unzip] deflating: /Users/romanlytvynov/.cache/firebase/emulators/ui-v1.14.0/client/android-chrome-512x512.png
[debug] [2025-01-25T20:53:12.408Z] [unzip] Entry: client/manifest.json (compressed_size=245 bytes, uncompressed_size=551 bytes)
[debug] [2025-01-25T20:53:12.408Z] [unzip] Processing entry: client/manifest.json
[debug] [2025-01-25T20:53:12.408Z] [unzip] else mkdir: /Users/romanlytvynov/.cache/firebase/emulators/ui-v1.14.0/client
[debug] [2025-01-25T20:53:12.408Z] [unzip] deflating: /Users/romanlytvynov/.cache/firebase/emulators/ui-v1.14.0/client/manifest.json
[debug] [2025-01-25T20:53:12.409Z] [unzip] Entry: client/robots.txt (compressed_size=26 bytes, uncompressed_size=26 bytes)
[debug] [2025-01-25T20:53:12.409Z] [unzip] Processing entry: client/robots.txt
[debug] [2025-01-25T20:53:12.409Z] [unzip] else mkdir: /Users/romanlytvynov/.cache/firebase/emulators/ui-v1.14.0/client
[debug] [2025-01-25T20:53:12.409Z] [unzip] Writing file: /Users/romanlytvynov/.cache/firebase/emulators/ui-v1.14.0/client/robots.txt
[debug] [2025-01-25T20:53:12.410Z] [unzip] Entry: client/mstile-150x150.png (compressed_size=2034 bytes, uncompressed_size=2034 bytes)
[debug] [2025-01-25T20:53:12.410Z] [unzip] Processing entry: client/mstile-150x150.png
[debug] [2025-01-25T20:53:12.410Z] [unzip] else mkdir: /Users/romanlytvynov/.cache/firebase/emulators/ui-v1.14.0/client
[debug] [2025-01-25T20:53:12.410Z] [unzip] Writing file: /Users/romanlytvynov/.cache/firebase/emulators/ui-v1.14.0/client/mstile-150x150.png
[debug] [2025-01-25T20:53:12.410Z] [unzip] Entry: client/assets/ (compressed_size=0 bytes, uncompressed_size=0 bytes)
[debug] [2025-01-25T20:53:12.410Z] [unzip] Processing entry: client/assets/
[debug] [2025-01-25T20:53:12.410Z] [unzip] mkdir: /Users/romanlytvynov/.cache/firebase/emulators/ui-v1.14.0/client/assets/
[debug] [2025-01-25T20:53:12.410Z] [unzip] Entry: client/assets/index-ClZTY_JS.js.map (compressed_size=2328270 bytes, uncompressed_size=9947004 bytes)
[debug] [2025-01-25T20:53:12.411Z] [unzip] Processing entry: client/assets/index-ClZTY_JS.js.map
[debug] [2025-01-25T20:53:12.411Z] [unzip] else mkdir: /Users/romanlytvynov/.cache/firebase/emulators/ui-v1.14.0/client/assets
[debug] [2025-01-25T20:53:12.411Z] [unzip] deflating: /Users/romanlytvynov/.cache/firebase/emulators/ui-v1.14.0/client/assets/index-ClZTY_JS.js.map
[debug] [2025-01-25T20:53:12.454Z] [unzip] Entry: client/assets/index-ClZTY_JS.js (compressed_size=567195 bytes, uncompressed_size=2035940 bytes)
[debug] [2025-01-25T20:53:12.454Z] [unzip] Processing entry: client/assets/index-ClZTY_JS.js
[debug] [2025-01-25T20:53:12.454Z] [unzip] else mkdir: /Users/romanlytvynov/.cache/firebase/emulators/ui-v1.14.0/client/assets
[debug] [2025-01-25T20:53:12.454Z] [unzip] deflating: /Users/romanlytvynov/.cache/firebase/emulators/ui-v1.14.0/client/assets/index-ClZTY_JS.js
[debug] [2025-01-25T20:53:12.465Z] [unzip] Entry: client/assets/index-BdgySamB.css (compressed_size=35979 bytes, uncompressed_size=298654 bytes)
[debug] [2025-01-25T20:53:12.465Z] [unzip] Processing entry: client/assets/index-BdgySamB.css
[debug] [2025-01-25T20:53:12.465Z] [unzip] else mkdir: /Users/romanlytvynov/.cache/firebase/emulators/ui-v1.14.0/client/assets
[debug] [2025-01-25T20:53:12.465Z] [unzip] deflating: /Users/romanlytvynov/.cache/firebase/emulators/ui-v1.14.0/client/assets/index-BdgySamB.css
[debug] [2025-01-25T20:53:12.467Z] [unzip] Entry: client/assets/extensions/ (compressed_size=0 bytes, uncompressed_size=0 bytes)
[debug] [2025-01-25T20:53:12.467Z] [unzip] Processing entry: client/assets/extensions/
[debug] [2025-01-25T20:53:12.467Z] [unzip] mkdir: /Users/romanlytvynov/.cache/firebase/emulators/ui-v1.14.0/client/assets/extensions/
[debug] [2025-01-25T20:53:12.467Z] [unzip] Entry: client/assets/extensions/default-extension.png (compressed_size=1646 bytes, uncompressed_size=1657 bytes)
[debug] [2025-01-25T20:53:12.467Z] [unzip] Processing entry: client/assets/extensions/default-extension.png
[debug] [2025-01-25T20:53:12.467Z] [unzip] else mkdir: /Users/romanlytvynov/.cache/firebase/emulators/ui-v1.14.0/client/assets/extensions
[debug] [2025-01-25T20:53:12.467Z] [unzip] deflating: /Users/romanlytvynov/.cache/firebase/emulators/ui-v1.14.0/client/assets/extensions/default-extension.png
[debug] [2025-01-25T20:53:12.468Z] [unzip] Entry: client/assets/img/ (compressed_size=0 bytes, uncompressed_size=0 bytes)
[debug] [2025-01-25T20:53:12.468Z] [unzip] Processing entry: client/assets/img/
[debug] [2025-01-25T20:53:12.468Z] [unzip] mkdir: /Users/romanlytvynov/.cache/firebase/emulators/ui-v1.14.0/client/assets/img/
[debug] [2025-01-25T20:53:12.468Z] [unzip] Entry: client/assets/img/database.png (compressed_size=29449 bytes, uncompressed_size=29988 bytes)
[debug] [2025-01-25T20:53:12.468Z] [unzip] Processing entry: client/assets/img/database.png
[debug] [2025-01-25T20:53:12.468Z] [unzip] else mkdir: /Users/romanlytvynov/.cache/firebase/emulators/ui-v1.14.0/client/assets/img
[debug] [2025-01-25T20:53:12.468Z] [unzip] deflating: /Users/romanlytvynov/.cache/firebase/emulators/ui-v1.14.0/client/assets/img/database.png
[debug] [2025-01-25T20:53:12.469Z] [unzip] Entry: client/assets/provider-icons/ (compressed_size=0 bytes, uncompressed_size=0 bytes)
[debug] [2025-01-25T20:53:12.469Z] [unzip] Processing entry: client/assets/provider-icons/
[debug] [2025-01-25T20:53:12.469Z] [unzip] mkdir: /Users/romanlytvynov/.cache/firebase/emulators/ui-v1.14.0/client/assets/provider-icons/
[debug] [2025-01-25T20:53:12.469Z] [unzip] Entry: client/assets/provider-icons/auth_service_saml.svg (compressed_size=575 bytes, uncompressed_size=1226 bytes)
[debug] [2025-01-25T20:53:12.470Z] [unzip] Processing entry: client/assets/provider-icons/auth_service_saml.svg
[debug] [2025-01-25T20:53:12.470Z] [unzip] else mkdir: /Users/romanlytvynov/.cache/firebase/emulators/ui-v1.14.0/client/assets/provider-icons
[debug] [2025-01-25T20:53:12.470Z] [unzip] deflating: /Users/romanlytvynov/.cache/firebase/emulators/ui-v1.14.0/client/assets/provider-icons/auth_service_saml.svg
[debug] [2025-01-25T20:53:12.470Z] [unzip] Entry: client/assets/provider-icons/auth_service_phone.svg (compressed_size=261 bytes, uncompressed_size=414 bytes)
[debug] [2025-01-25T20:53:12.470Z] [unzip] Processing entry: client/assets/provider-icons/auth_service_phone.svg
[debug] [2025-01-25T20:53:12.470Z] [unzip] else mkdir: /Users/romanlytvynov/.cache/firebase/emulators/ui-v1.14.0/client/assets/provider-icons
[debug] [2025-01-25T20:53:12.470Z] [unzip] deflating: /Users/romanlytvynov/.cache/firebase/emulators/ui-v1.14.0/client/assets/provider-icons/auth_service_phone.svg
[debug] [2025-01-25T20:53:12.471Z] [unzip] Entry: client/assets/provider-icons/auth_service_facebook.svg (compressed_size=289 bytes, uncompressed_size=457 bytes)
[debug] [2025-01-25T20:53:12.471Z] [unzip] Processing entry: client/assets/provider-icons/auth_service_facebook.svg
[debug] [2025-01-25T20:53:12.471Z] [unzip] else mkdir: /Users/romanlytvynov/.cache/firebase/emulators/ui-v1.14.0/client/assets/provider-icons
[debug] [2025-01-25T20:53:12.471Z] [unzip] deflating: /Users/romanlytvynov/.cache/firebase/emulators/ui-v1.14.0/client/assets/provider-icons/auth_service_facebook.svg
[debug] [2025-01-25T20:53:12.472Z] [unzip] Entry: client/assets/provider-icons/auth_service_game_center.svg (compressed_size=991 bytes, uncompressed_size=3921 bytes)
[debug] [2025-01-25T20:53:12.472Z] [unzip] Processing entry: client/assets/provider-icons/auth_service_game_center.svg
[debug] [2025-01-25T20:53:12.472Z] [unzip] else mkdir: /Users/romanlytvynov/.cache/firebase/emulators/ui-v1.14.0/client/assets/provider-icons
[debug] [2025-01-25T20:53:12.472Z] [unzip] deflating: /Users/romanlytvynov/.cache/firebase/emulators/ui-v1.14.0/client/assets/provider-icons/auth_service_game_center.svg
[debug] [2025-01-25T20:53:12.472Z] [unzip] Entry: client/assets/provider-icons/auth_service_apple.svg (compressed_size=230 bytes, uncompressed_size=334 bytes)
[debug] [2025-01-25T20:53:12.472Z] [unzip] Processing entry: client/assets/provider-icons/auth_service_apple.svg
[debug] [2025-01-25T20:53:12.473Z] [unzip] else mkdir: /Users/romanlytvynov/.cache/firebase/emulators/ui-v1.14.0/client/assets/provider-icons
[debug] [2025-01-25T20:53:12.473Z] [unzip] deflating: /Users/romanlytvynov/.cache/firebase/emulators/ui-v1.14.0/client/assets/provider-icons/auth_service_apple.svg
[debug] [2025-01-25T20:53:12.473Z] [unzip] Entry: client/assets/provider-icons/auth_service_github.svg (compressed_size=466 bytes, uncompressed_size=838 bytes)
[debug] [2025-01-25T20:53:12.473Z] [unzip] Processing entry: client/assets/provider-icons/auth_service_github.svg
[debug] [2025-01-25T20:53:12.473Z] [unzip] else mkdir: /Users/romanlytvynov/.cache/firebase/emulators/ui-v1.14.0/client/assets/provider-icons
[debug] [2025-01-25T20:53:12.473Z] [unzip] deflating: /Users/romanlytvynov/.cache/firebase/emulators/ui-v1.14.0/client/assets/provider-icons/auth_service_github.svg
[debug] [2025-01-25T20:53:12.474Z] [unzip] Entry: client/assets/provider-icons/auth_service_mslive.svg (compressed_size=203 bytes, uncompressed_size=378 bytes)
[debug] [2025-01-25T20:53:12.474Z] [unzip] Processing entry: client/assets/provider-icons/auth_service_mslive.svg
[debug] [2025-01-25T20:53:12.474Z] [unzip] else mkdir: /Users/romanlytvynov/.cache/firebase/emulators/ui-v1.14.0/client/assets/provider-icons
[debug] [2025-01-25T20:53:12.474Z] [unzip] deflating: /Users/romanlytvynov/.cache/firebase/emulators/ui-v1.14.0/client/assets/provider-icons/auth_service_mslive.svg
[debug] [2025-01-25T20:53:12.474Z] [unzip] Entry: client/assets/provider-icons/auth_service_yahoo.svg (compressed_size=577 bytes, uncompressed_size=1182 bytes)
[debug] [2025-01-25T20:53:12.475Z] [unzip] Processing entry: client/assets/provider-icons/auth_service_yahoo.svg
[debug] [2025-01-25T20:53:12.475Z] [unzip] else mkdir: /Users/romanlytvynov/.cache/firebase/emulators/ui-v1.14.0/client/assets/provider-icons
[debug] [2025-01-25T20:53:12.475Z] [unzip] deflating: /Users/romanlytvynov/.cache/firebase/emulators/ui-v1.14.0/client/assets/provider-icons/auth_service_yahoo.svg
[debug] [2025-01-25T20:53:12.475Z] [unzip] Entry: client/assets/provider-icons/auth_service_twitter.svg (compressed_size=444 bytes, uncompressed_size=751 bytes)
[debug] [2025-01-25T20:53:12.475Z] [unzip] Processing entry: client/assets/provider-icons/auth_service_twitter.svg
[debug] [2025-01-25T20:53:12.475Z] [unzip] else mkdir: /Users/romanlytvynov/.cache/firebase/emulators/ui-v1.14.0/client/assets/provider-icons
[debug] [2025-01-25T20:53:12.475Z] [unzip] deflating: /Users/romanlytvynov/.cache/firebase/emulators/ui-v1.14.0/client/assets/provider-icons/auth_service_twitter.svg
[debug] [2025-01-25T20:53:12.478Z] [unzip] Entry: client/assets/provider-icons/auth_service_play_games.svg (compressed_size=565 bytes, uncompressed_size=1173 bytes)
[debug] [2025-01-25T20:53:12.478Z] [unzip] Processing entry: client/assets/provider-icons/auth_service_play_games.svg
[debug] [2025-01-25T20:53:12.478Z] [unzip] else mkdir: /Users/romanlytvynov/.cache/firebase/emulators/ui-v1.14.0/client/assets/provider-icons
[debug] [2025-01-25T20:53:12.478Z] [unzip] deflating: /Users/romanlytvynov/.cache/firebase/emulators/ui-v1.14.0/client/assets/provider-icons/auth_service_play_games.svg
[debug] [2025-01-25T20:53:12.479Z] [unzip] Entry: client/assets/provider-icons/auth_service_email.svg (compressed_size=228 bytes, uncompressed_size=326 bytes)
[debug] [2025-01-25T20:53:12.479Z] [unzip] Processing entry: client/assets/provider-icons/auth_service_email.svg
[debug] [2025-01-25T20:53:12.479Z] [unzip] else mkdir: /Users/romanlytvynov/.cache/firebase/emulators/ui-v1.14.0/client/assets/provider-icons
[debug] [2025-01-25T20:53:12.479Z] [unzip] deflating: /Users/romanlytvynov/.cache/firebase/emulators/ui-v1.14.0/client/assets/provider-icons/auth_service_email.svg
[debug] [2025-01-25T20:53:12.480Z] [unzip] Entry: client/assets/provider-icons/auth_service_google.svg (compressed_size=409 bytes, uncompressed_size=720 bytes)
[debug] [2025-01-25T20:53:12.480Z] [unzip] Processing entry: client/assets/provider-icons/auth_service_google.svg
[debug] [2025-01-25T20:53:12.480Z] [unzip] else mkdir: /Users/romanlytvynov/.cache/firebase/emulators/ui-v1.14.0/client/assets/provider-icons
[debug] [2025-01-25T20:53:12.480Z] [unzip] deflating: /Users/romanlytvynov/.cache/firebase/emulators/ui-v1.14.0/client/assets/provider-icons/auth_service_google.svg
[debug] [2025-01-25T20:53:12.480Z] [unzip] Entry: client/assets/provider-icons/auth_service_oidc.svg (compressed_size=414 bytes, uncompressed_size=858 bytes)
[debug] [2025-01-25T20:53:12.481Z] [unzip] Processing entry: client/assets/provider-icons/auth_service_oidc.svg
[debug] [2025-01-25T20:53:12.481Z] [unzip] else mkdir: /Users/romanlytvynov/.cache/firebase/emulators/ui-v1.14.0/client/assets/provider-icons
[debug] [2025-01-25T20:53:12.481Z] [unzip] deflating: /Users/romanlytvynov/.cache/firebase/emulators/ui-v1.14.0/client/assets/provider-icons/auth_service_oidc.svg
[debug] [2025-01-25T20:53:12.481Z] [unzip] Entry: client/browserconfig.xml (compressed_size=491 bytes, uncompressed_size=822 bytes)
[debug] [2025-01-25T20:53:12.481Z] [unzip] Processing entry: client/browserconfig.xml
[debug] [2025-01-25T20:53:12.481Z] [unzip] else mkdir: /Users/romanlytvynov/.cache/firebase/emulators/ui-v1.14.0/client
[debug] [2025-01-25T20:53:12.481Z] [unzip] deflating: /Users/romanlytvynov/.cache/firebase/emulators/ui-v1.14.0/client/browserconfig.xml
[debug] [2025-01-25T20:53:12.482Z] [unzip] Entry: client/favicon-32x32.png (compressed_size=475 bytes, uncompressed_size=475 bytes)
[debug] [2025-01-25T20:53:12.482Z] [unzip] Processing entry: client/favicon-32x32.png
[debug] [2025-01-25T20:53:12.482Z] [unzip] else mkdir: /Users/romanlytvynov/.cache/firebase/emulators/ui-v1.14.0/client
[debug] [2025-01-25T20:53:12.482Z] [unzip] Writing file: /Users/romanlytvynov/.cache/firebase/emulators/ui-v1.14.0/client/favicon-32x32.png
[debug] [2025-01-25T20:53:12.482Z] [unzip] Entry: server/ (compressed_size=0 bytes, uncompressed_size=0 bytes)
[debug] [2025-01-25T20:53:12.482Z] [unzip] Processing entry: server/
[debug] [2025-01-25T20:53:12.482Z] [unzip] mkdir: /Users/romanlytvynov/.cache/firebase/emulators/ui-v1.14.0/server/
[debug] [2025-01-25T20:53:12.483Z] [unzip] Entry: server/server.mjs.map (compressed_size=296496 bytes, uncompressed_size=1355667 bytes)
[debug] [2025-01-25T20:53:12.483Z] [unzip] Processing entry: server/server.mjs.map
[debug] [2025-01-25T20:53:12.483Z] [unzip] else mkdir: /Users/romanlytvynov/.cache/firebase/emulators/ui-v1.14.0/server
[debug] [2025-01-25T20:53:12.483Z] [unzip] deflating: /Users/romanlytvynov/.cache/firebase/emulators/ui-v1.14.0/server/server.mjs.map
[debug] [2025-01-25T20:53:12.488Z] [unzip] Entry: server/server.mjs (compressed_size=315701 bytes, uncompressed_size=1172682 bytes)
[debug] [2025-01-25T20:53:12.488Z] [unzip] Processing entry: server/server.mjs
[debug] [2025-01-25T20:53:12.488Z] [unzip] else mkdir: /Users/romanlytvynov/.cache/firebase/emulators/ui-v1.14.0/server
[debug] [2025-01-25T20:53:12.488Z] [unzip] deflating: /Users/romanlytvynov/.cache/firebase/emulators/ui-v1.14.0/server/server.mjs
[debug] [2025-01-25T20:53:12.493Z] [unzip] Entry: server/assets/ (compressed_size=0 bytes, uncompressed_size=0 bytes)
[debug] [2025-01-25T20:53:12.493Z] [unzip] Processing entry: server/assets/
[debug] [2025-01-25T20:53:12.493Z] [unzip] mkdir: /Users/romanlytvynov/.cache/firebase/emulators/ui-v1.14.0/server/assets/
[debug] [2025-01-25T20:53:12.493Z] [unzip] Entry: server/assets/multipart-parser-DGCUZdXu.mjs.map (compressed_size=4791 bytes, uncompressed_size=17918 bytes)
[debug] [2025-01-25T20:53:12.493Z] [unzip] Processing entry: server/assets/multipart-parser-DGCUZdXu.mjs.map
[debug] [2025-01-25T20:53:12.493Z] [unzip] else mkdir: /Users/romanlytvynov/.cache/firebase/emulators/ui-v1.14.0/server/assets
[debug] [2025-01-25T20:53:12.493Z] [unzip] deflating: /Users/romanlytvynov/.cache/firebase/emulators/ui-v1.14.0/server/assets/multipart-parser-DGCUZdXu.mjs.map
[debug] [2025-01-25T20:53:12.494Z] [unzip] Entry: server/assets/multipart-parser-DGCUZdXu.mjs (compressed_size=2621 bytes, uncompressed_size=10390 bytes)
[debug] [2025-01-25T20:53:12.494Z] [unzip] Processing entry: server/assets/multipart-parser-DGCUZdXu.mjs
[debug] [2025-01-25T20:53:12.494Z] [unzip] else mkdir: /Users/romanlytvynov/.cache/firebase/emulators/ui-v1.14.0/server/assets
[debug] [2025-01-25T20:53:12.494Z] [unzip] deflating: /Users/romanlytvynov/.cache/firebase/emulators/ui-v1.14.0/server/assets/multipart-parser-DGCUZdXu.mjs
[info] i  ui: Removing outdated emulator files: ui-v1.11.8 {"metadata":{"emulator":{"name":"ui"},"message":"Removing outdated emulator files: ui-v1.11.8"}}
[info] i  ui: Removing outdated emulator files: ui-v1.11.8.zip {"metadata":{"emulator":{"name":"ui"},"message":"Removing outdated emulator files: ui-v1.11.8.zip"}}
[debug] [2025-01-25T20:53:12.572Z] Could not find VSCode notification endpoint: FetchError: request to http://localhost:40001/vscode/notify failed, reason: . If you are not running the Firebase Data Connect VSCode extension, this is expected and not an issue.
[info] 
┌─────────────────────────────────────────────────────────────┐
│ ✔  All emulators ready! It is now safe to connect your app. │
│ i  View Emulator UI at http://127.0.0.1:4001/               │
└─────────────────────────────────────────────────────────────┘

┌────────────────┬────────────────┬───────────────────────────────┐
│ Emulator       │ Host:Port      │ View in Emulator UI           │
├────────────────┼────────────────┼───────────────────────────────┤
│ Authentication │ 127.0.0.1:9098 │ http://127.0.0.1:4001/auth    │
├────────────────┼────────────────┼───────────────────────────────┤
│ Storage        │ 127.0.0.1:3005 │ http://127.0.0.1:4001/storage │
└────────────────┴────────────────┴───────────────────────────────┘
  Emulator Hub running at 127.0.0.1:4400
  Other reserved ports: 4500

Issues? Report them at https://github.com/firebase/firebase-tools/issues and attach the *-debug.log files.
 
